This file contains any messages produced by compilers while
running configure, to aid debugging if configure makes a mistake.

It was created by wired configure 1.3.4, which was
generated by GNU Autoconf 2.61.  Invocation command line was

  $ ./configure --build=i686-apple-darwin14.1.0 --host=x86_64-apple-darwin14.1.0 --enable-warnings --srcdir=/Users/flidap/Desktop/WiredServer-1.3.4/WiredServer/wired --with-objdir=/Users/flidap/Desktop/WiredServer-1.3.4/WiredServer/build/WiredServer.build/Release/Universal/wired.build/Objects/x86_64 --with-rundir=/Users/flidap/Desktop/WiredServer-1.3.4/WiredServer/build/WiredServer.build/run/x86_64/wired --prefix=/Users/flidap/Desktop/WiredServer-1.3.4/WiredServer/build/WiredServer.build/Package/Contents/Library --with-fake-prefix=/Library --with-wireddir=Wired --mandir=/Users/flidap/Desktop/WiredServer-1.3.4/WiredServer/build/WiredServer.build/Package/Contents/usr/local/man --without-libwired

## --------- ##
## Platform. ##
## --------- ##

hostname = retina.local
uname -m = x86_64
uname -r = 14.1.0
uname -s = Darwin
uname -v = Darwin Kernel Version 14.1.0: Fri Jan 16 00:52:25 PST 2015; root:xnu-2782.10.72~5/RELEASE_X86_64

/usr/bin/uname -p = i386
/bin/uname -X     = unknown

/bin/arch              = unknown
/usr/bin/arch -k       = unknown
/usr/convex/getsysinfo = unknown
/usr/bin/hostinfo      = Mach kernel version:
	 Darwin Kernel Version 14.1.0: Fri Jan 16 00:52:25 PST 2015; root:xnu-2782.10.72~5/RELEASE_X86_64
Kernel configured for up to 8 processors.
4 processors are physically available.
8 processors are logically available.
Processor type: x86_64h (Intel x86-64h Haswell)
Processors active: 0 1 2 3 4 5 6 7
Primary memory available: 16.00 gigabytes
Default processor set: 285 tasks, 1331 threads, 8 processors
Load average: 3.65, Mach factor: 4.34
/bin/machine           = unknown
/usr/bin/oslevel       = unknown
/bin/universe          = unknown

PATH: /opt/local/bin
PATH: /usr/local/bin
PATH: /usr/bin
PATH: /bin


## ----------- ##
## Core tests. ##
## ----------- ##

configure:1861: checking build system type
configure:1879: result: i686-apple-darwin14.1.0
configure:1901: checking host system type
configure:1916: result: x86_64-apple-darwin14.1.0
configure:1987: checking for x86_64-apple-darwin14.1.0-gcc
configure:2014: result: /Applications/Xcode.app/Contents/Developer/usr/bin/gcc-com.apple.compilers.llvm.clang.1_0 -arch x86_64
configure:2292: checking for C compiler version
configure:2299: /Applications/Xcode.app/Contents/Developer/usr/bin/gcc-com.apple.compilers.llvm.clang.1_0 -arch x86_64 --version >&5
./configure: line 2300: /Applications/Xcode.app/Contents/Developer/usr/bin/gcc-com.apple.compilers.llvm.clang.1_0: No such file or directory
configure:2302: $? = 127
configure:2309: /Applications/Xcode.app/Contents/Developer/usr/bin/gcc-com.apple.compilers.llvm.clang.1_0 -arch x86_64 -v >&5
./configure: line 2310: /Applications/Xcode.app/Contents/Developer/usr/bin/gcc-com.apple.compilers.llvm.clang.1_0: No such file or directory
configure:2312: $? = 127
configure:2319: /Applications/Xcode.app/Contents/Developer/usr/bin/gcc-com.apple.compilers.llvm.clang.1_0 -arch x86_64 -V >&5
./configure: line 2320: /Applications/Xcode.app/Contents/Developer/usr/bin/gcc-com.apple.compilers.llvm.clang.1_0: No such file or directory
configure:2322: $? = 127
configure:2345: checking for C compiler default output file name
configure:2372: /Applications/Xcode.app/Contents/Developer/usr/bin/gcc-com.apple.compilers.llvm.clang.1_0 -arch x86_64 -gdwarf-2 -O2  -isysroot /Applications/Xcode.app/Contents/Developer/Platforms/MacOSX.platform/Developer/SDKs/MacOSX10.10.sdk -mmacosx-version-min=10.10 -I/Users/flidap/Desktop/WiredServer-1.3.4/WiredServer/build/WiredServer.build/make/x86_64  conftest.c  >&5
./configure: line 2373: /Applications/Xcode.app/Contents/Developer/usr/bin/gcc-com.apple.compilers.llvm.clang.1_0: No such file or directory
configure:2375: $? = 127
configure:2413: result: 
configure: failed program was:
| /* confdefs.h.  */
| #define PACKAGE_NAME "wired"
| #define PACKAGE_TARNAME "wired"
| #define PACKAGE_VERSION "1.3.4"
| #define PACKAGE_STRING "wired 1.3.4"
| #define PACKAGE_BUGREPORT "axel@zankasoftware.com"
| #define WI_REVISION 0
| #define WD_VERSION "1.3.4"
| #define WD_PROTOCOL_VERSION "1.1"
| #define WD_BUGREPORT "axel@zankasoftware.com"
| /* end confdefs.h.  */
| 
| int
| main ()
| {
| 
|   ;
|   return 0;
| }
configure:2420: error: C compiler cannot create executables
See `config.log' for more details.

## ---------------- ##
## Cache variables. ##
## ---------------- ##

ac_cv_build=i686-apple-darwin14.1.0
ac_cv_env_CC_set=set
ac_cv_env_CC_value='/Applications/Xcode.app/Contents/Developer/usr/bin/gcc-com.apple.compilers.llvm.clang.1_0 -arch x86_64'
ac_cv_env_CFLAGS_set=set
ac_cv_env_CFLAGS_value='-gdwarf-2 -O2'
ac_cv_env_CPPFLAGS_set=set
ac_cv_env_CPPFLAGS_value=' -isysroot /Applications/Xcode.app/Contents/Developer/Platforms/MacOSX.platform/Developer/SDKs/MacOSX10.10.sdk -mmacosx-version-min=10.10 -I/Users/flidap/Desktop/WiredServer-1.3.4/WiredServer/build/WiredServer.build/make/x86_64'
ac_cv_env_CPP_set=
ac_cv_env_CPP_value=
ac_cv_env_LDFLAGS_set=
ac_cv_env_LDFLAGS_value=
ac_cv_env_LIBS_set=
ac_cv_env_LIBS_value=
ac_cv_env_build_alias_set=set
ac_cv_env_build_alias_value=i686-apple-darwin14.1.0
ac_cv_env_host_alias_set=set
ac_cv_env_host_alias_value=x86_64-apple-darwin14.1.0
ac_cv_env_target_alias_set=
ac_cv_env_target_alias_value=
ac_cv_host=x86_64-apple-darwin14.1.0
ac_cv_prog_CC='/Applications/Xcode.app/Contents/Developer/usr/bin/gcc-com.apple.compilers.llvm.clang.1_0 -arch x86_64'

## ----------------- ##
## Output variables. ##
## ----------------- ##

CC='/Applications/Xcode.app/Contents/Developer/usr/bin/gcc-com.apple.compilers.llvm.clang.1_0 -arch x86_64'
CFLAGS='-gdwarf-2 -O2'
CPP=''
CPPFLAGS=' -isysroot /Applications/Xcode.app/Contents/Developer/Platforms/MacOSX.platform/Developer/SDKs/MacOSX10.10.sdk -mmacosx-version-min=10.10 -I/Users/flidap/Desktop/WiredServer-1.3.4/WiredServer/build/WiredServer.build/make/x86_64'
DEFS=''
ECHO_C=''
ECHO_N='-n'
ECHO_T=''
EGREP=''
EXEEXT=''
GREP=''
INSTALL_DATA=''
INSTALL_PROGRAM=''
INSTALL_SCRIPT=''
LDFLAGS=''
LIBOBJS=''
LIBS=''
LTLIBOBJS=''
OBJEXT=''
PACKAGE_BUGREPORT='axel@zankasoftware.com'
PACKAGE_NAME='wired'
PACKAGE_STRING='wired 1.3.4'
PACKAGE_TARNAME='wired'
PACKAGE_VERSION='1.3.4'
PATH_SEPARATOR=':'
SET_MAKE=''
SHELL='/bin/sh'
WD_GROUP=''
WD_MAINTAINER=''
WD_USER=''
WD_VERSION='1.3.4'
ac_ct_CC=''
bindir='${exec_prefix}/bin'
build='i686-apple-darwin14.1.0'
build_alias='i686-apple-darwin14.1.0'
build_cpu='i686'
build_os='darwin14.1.0'
build_vendor='apple'
datadir='${datarootdir}'
datarootdir='${prefix}/share'
docdir='${datarootdir}/doc/${PACKAGE_TARNAME}'
dvidir='${docdir}'
exec_prefix='NONE'
fake_prefix=''
host='x86_64-apple-darwin14.1.0'
host_alias='x86_64-apple-darwin14.1.0'
host_cpu='x86_64'
host_os='darwin14.1.0'
host_vendor='apple'
htmldir='${docdir}'
includedir='${prefix}/include'
infodir='${datarootdir}/info'
libdir='${exec_prefix}/lib'
libexecdir='${exec_prefix}/libexec'
localedir='${datarootdir}/locale'
localstatedir='${prefix}/var'
mandir='/Users/flidap/Desktop/WiredServer-1.3.4/WiredServer/build/WiredServer.build/Package/Contents/usr/local/man'
objdir=''
oldincludedir='/usr/include'
pdfdir='${docdir}'
prefix='/Users/flidap/Desktop/WiredServer-1.3.4/WiredServer/build/WiredServer.build/Package/Contents/Library'
program_transform_name='s,x,x,'
psdir='${docdir}'
rundir=''
sbindir='${exec_prefix}/sbin'
sharedstatedir='${prefix}/com'
subdirs=''
sysconfdir='${prefix}/etc'
target_alias=''
wireddir=''

## ----------- ##
## confdefs.h. ##
## ----------- ##

#define PACKAGE_NAME "wired"
#define PACKAGE_TARNAME "wired"
#define PACKAGE_VERSION "1.3.4"
#define PACKAGE_STRING "wired 1.3.4"
#define PACKAGE_BUGREPORT "axel@zankasoftware.com"
#define WI_REVISION 0
#define WD_VERSION "1.3.4"
#define WD_PROTOCOL_VERSION "1.1"
#define WD_BUGREPORT "axel@zankasoftware.com"

configure: exit 77
